<?xml version="1.0" encoding="UTF-8"?>
<testsuite name="As a User, i want to work inside the page Globalautomation" tests="1" skipped="0" failures="0" errors="0" timestamp="2022-05-15T04:12:34" hostname="alejandro-desktop" time="10.796">
  <properties/>
  <testcase name="Show" classname="As a User, i want to work inside the page Globalautomation" time="10.796"/>
  <system-out><![CDATA[hello given


?[32m.?[0m

 "Facebook"

 Facebook
la red social  Facebook



?[32m.?[0m

"https://www.facebook.com/aroraglobalservices"

la pagina actual es : https://www.facebook.com/aroraglobalservices

?[32m.?[0m
]]></system-out>
  <system-err><![CDATA[[Test worker] INFO net.thucydides.core.steps.ConsoleLoggingListener - 
 _____ _____ ____ _____   ____ _____  _    ____ _____ _____ ____  
|_   _| ____/ ___|_   _| / ___|_   _|/ \  |  _ \_   _| ____|  _ \ 
  | | |  _| \___ \ | |   \___ \ | | / _ \ | |_) || | |  _| | | | |
  | | | |___ ___) || |    ___) || |/ ___ \|  _ < | | | |___| |_| |
  |_| |_____|____/ |_|   |____/ |_/_/   \_\_| \_\|_| |_____|____/ 
                                                                  

TEST STARTED: Show
-------------------------------------------------------------------(as-a-user--i-want-to-work-inside-the-page-globalautomation;show)
may 14, 2022 11:12:35 PM org.openqa.selenium.remote.DesiredCapabilities chrome
INFORMACIÓN: Using `new ChromeOptions()` is preferred to `DesiredCapabilities.chrome()`
Starting ChromeDriver 100.0.4896.60 (6a5d10861ce8de5fce22564658033b43cb7de047-refs/branch-heads/4896@{#875}) on port 10203
Only local connections are allowed.
Please see https://chromedriver.chromium.org/security-considerations for suggestions on keeping ChromeDriver safe.
ChromeDriver was started successfully.
may 14, 2022 11:12:36 PM org.openqa.selenium.remote.ProtocolHandshake createSession
INFORMACIÓN: Detected dialect: W3C
]]></system-err>
</testsuite>
